[2020-02-06 14:31:33,643] INFO Shutting down the log cleaner. (kafka.log.LogCleaner)
[2020-02-06 14:31:33,644] INFO [kafka-log-cleaner-thread-0]: Shutting down (kafka.log.LogCleaner)
[2020-02-06 14:31:33,644] INFO [kafka-log-cleaner-thread-0]: Stopped (kafka.log.LogCleaner)
[2020-02-06 14:31:33,644] INFO [kafka-log-cleaner-thread-0]: Shutdown completed (kafka.log.LogCleaner)
[2020-02-06 14:31:37,639] INFO Starting the log cleaner (kafka.log.LogCleaner)
[2020-02-06 14:31:37,702] INFO [kafka-log-cleaner-thread-0]: Starting (kafka.log.LogCleaner)
[2020-02-06 14:32:06,696] INFO Shutting down the log cleaner. (kafka.log.LogCleaner)
[2020-02-06 14:32:06,696] INFO [kafka-log-cleaner-thread-0]: Shutting down (kafka.log.LogCleaner)
[2020-02-06 14:32:06,696] INFO [kafka-log-cleaner-thread-0]: Stopped (kafka.log.LogCleaner)
[2020-02-06 14:32:06,696] INFO [kafka-log-cleaner-thread-0]: Shutdown completed (kafka.log.LogCleaner)
[2020-02-06 14:32:41,006] INFO Starting the log cleaner (kafka.log.LogCleaner)
[2020-02-06 14:32:41,071] INFO [kafka-log-cleaner-thread-0]: Starting (kafka.log.LogCleaner)
[2020-02-06 14:32:58,321] INFO Shutting down the log cleaner. (kafka.log.LogCleaner)
[2020-02-06 14:32:58,322] INFO [kafka-log-cleaner-thread-0]: Shutting down (kafka.log.LogCleaner)
[2020-02-06 14:32:58,322] INFO [kafka-log-cleaner-thread-0]: Stopped (kafka.log.LogCleaner)
[2020-02-06 14:32:58,323] INFO [kafka-log-cleaner-thread-0]: Shutdown completed (kafka.log.LogCleaner)
[2020-02-06 14:33:24,005] INFO Starting the log cleaner (kafka.log.LogCleaner)
[2020-02-06 14:33:24,066] INFO [kafka-log-cleaner-thread-0]: Starting (kafka.log.LogCleaner)
[2020-02-06 14:34:45,048] INFO The cleaning for partition testing0003-0 is aborted and paused (kafka.log.LogCleaner)
[2020-02-06 14:34:45,049] INFO The cleaning for partition testing0003-0 is aborted (kafka.log.LogCleaner)
[2020-02-06 14:36:05,224] INFO Starting the log cleaner (kafka.log.LogCleaner)
[2020-02-06 14:36:05,288] INFO [kafka-log-cleaner-thread-0]: Starting (kafka.log.LogCleaner)
[2020-02-06 14:36:30,903] INFO The cleaning for partition testing0003-0 is aborted and paused (kafka.log.LogCleaner)
[2020-02-06 14:36:30,903] INFO The cleaning for partition testing0003-0 is aborted (kafka.log.LogCleaner)
[2020-02-06 14:39:18,223] INFO Starting the log cleaner (kafka.log.LogCleaner)
[2020-02-06 14:39:18,286] INFO [kafka-log-cleaner-thread-0]: Starting (kafka.log.LogCleaner)
[2020-02-06 14:39:46,387] INFO Shutting down the log cleaner. (kafka.log.LogCleaner)
[2020-02-06 14:39:46,387] INFO [kafka-log-cleaner-thread-0]: Shutting down (kafka.log.LogCleaner)
[2020-02-06 14:39:46,387] INFO [kafka-log-cleaner-thread-0]: Stopped (kafka.log.LogCleaner)
[2020-02-06 14:39:46,387] INFO [kafka-log-cleaner-thread-0]: Shutdown completed (kafka.log.LogCleaner)
[2020-02-06 14:39:50,943] INFO Shutting down the log cleaner. (kafka.log.LogCleaner)
[2020-02-06 14:39:50,943] INFO [kafka-log-cleaner-thread-0]: Shutting down (kafka.log.LogCleaner)
[2020-02-06 14:39:50,943] INFO [kafka-log-cleaner-thread-0]: Stopped (kafka.log.LogCleaner)
[2020-02-06 14:39:50,943] INFO [kafka-log-cleaner-thread-0]: Shutdown completed (kafka.log.LogCleaner)
[2020-02-06 14:39:56,952] INFO Starting the log cleaner (kafka.log.LogCleaner)
[2020-02-06 14:39:57,021] INFO [kafka-log-cleaner-thread-0]: Starting (kafka.log.LogCleaner)
